[competitor_spy] Analyzing: Sarjapur
  Built 6 probe queries
  [1/6] Sarjapur property
  [2/6] Sarjapur apartments
  [2/6] Sarjapur apartments
  [3/6] Sarjapur 2bhk for sale  [3/6] Sarjapur 2bhk for sale

  [4/6] buy flat in Sarjapur
  [4/6] buy flat in Sarjapur
  [5/6] Sarjapur real estate review  [5/6] Sarjapur real estate review

  [6/6] living in Sarjapur  [6/6] living in Sarjapur

  ✅ 'Sarjapur': magicbricks=6, nobroker=6, housing=2, 99acres=9 | 0 uncovered queries  ✅ 'Sarjapur': magicbricks=6, nobroker=6, housing=2, 99acres=9 | 0 uncovered queries

": 3}
     SERP calls used: 15/15
     Cost: $0.0013
  ──────────────────────────────────────────────────

┌─ [competitor_spy] starting (run=prun-9448195b-558)
[competitor_spy] Analyzing: Sarjapur
  Built 6 probe queries
  [1/6] Sarjapur property
  [2/6] Sarjapur apartments
  [2/6] Sarjapur apartments
  [3/6] Sarjapur 2bhk for sale  [3/6] Sarjapur 2bhk for sale

  [4/6] buy flat in Sarjapur
  [4/6] buy flat in Sarjapur
  [5/6] Sarjapur real estate review
  [5/6] Sarjapur real estate review
  [6/6] living in Sarjapur  [6/6] living in Sarjapur

  ✅ 'Sarjapur': magicbricks=6, nobroker=6, housing=2, 99acres=9 | 0 uncovered queries  ✅ 'Sarjapur': magicbricks=6, nobroker=6, housing=2, 99acres=9 | 0 uncovered queries
